<?xml version="1.0" encoding="UTF-8" ?>
<testsuite tests="5" failures="0" name="validations.ValidationTest" time="0.023" errors="0" skipped="0">
  <properties>
[...]
</properties>
  <testcase classname="validations.ValidationTest" name="testIsValidDateBad" time="0.014"/>
  <testcase classname="validations.ValidationTest" name="testIsValidDateBad2" time="0.002"/>
  <testcase classname="validations.ValidationTest" name="testIsValidDateBad3" time="0.004"/>
  <testcase classname="validations.ValidationTest" name="testIsValidDateGood" time="0.002"/>
  <testcase classname="validations.ValidationTest" name="testIsValidFile" time="0.001"/>
</testsuite>